<?xml version="1.0" encoding="UTF-8"?>
<!-- Generated by org.testng.reporters.JUnitReportReporter -->
<testsuite skipped="0" hostname="DESKTOP-R4SI2TC" name="com.truist.qa.openAccount.TestOpenAccount" tests="2" failures="0" timestamp="02 Sep 2022 02:51:27 GMT" time="206.844" errors="0">
  <testcase name="openCreditCardAccount" time="104.130" classname="com.truist.qa.openAccount.TestOpenAccount"/>
  <testcase name="openCreditCardAccount" time="102.714" classname="com.truist.qa.openAccount.TestOpenAccount"/>
</testsuite> <!-- com.truist.qa.openAccount.TestOpenAccount -->
