<?xml version="1.0" encoding="UTF-8"?>
<!-- Generated by org.testng.reporters.JUnitReportReporter -->
<testsuite skipped="0" hostname="DESKTOP-R4SI2TC" name="com.truist.qa.openAccount.TestOpenCheckingSaving" tests="1" failures="0" timestamp="12 Aug 2022 23:25:44 GMT" time="29.892" errors="0">
  <testcase name="OpenCheckingSavingAccount" time="29.892" classname="com.truist.qa.openAccount.TestOpenCheckingSaving"/>
</testsuite> <!-- com.truist.qa.openAccount.TestOpenCheckingSaving -->
