<?xml version="1.0" encoding="UTF-8"?>
<!-- Generated by org.testng.reporters.JUnitReportReporter -->
<testsuite skipped="0" hostname="DESKTOP-R4SI2TC" name="com.truist.qa.openAccount.TestCreditCard" tests="1" failures="0" timestamp="07 Aug 2022 23:03:23 GMT" time="83.538" errors="0">
  <testcase name="openCreditCardAccount" time="83.538" classname="com.truist.qa.openAccount.TestCreditCard"/>
</testsuite> <!-- com.truist.qa.openAccount.TestCreditCard -->
