<?xml version="1.0" encoding="UTF-8"?>
<!-- Generated by org.testng.reporters.JUnitReportReporter -->
<testsuite skipped="0" hostname="DESKTOP-R4SI2TC" name="com.truist.qa.openAccount.TestCreditCard" tests="1" failures="0" timestamp="27 Jul 2022 16:48:23 GMT" time="13.025" errors="0">
  <testcase name="openCreditCardAccoutn" time="13.025" classname="com.truist.qa.openAccount.TestCreditCard"/>
</testsuite> <!-- com.truist.qa.openAccount.TestCreditCard -->
